-------------------------------------------------------------------------------
Test set: com.moujib.backend.BackendApplicationTests
-------------------------------------------------------------------------------
Tests run: 1, Failures: 0, Errors: 1, Skipped: 0, Time elapsed: 10.697 s <<< FAILURE! - in com.moujib.backend.BackendApplicationTests
contextLoads(com.moujib.backend.BackendApplicationTests)  Time elapsed: 0 s  <<< ERROR!
java.lang.IllegalStateException: Failed to load ApplicationContext
Caused by: org.springframework.beans.factory.UnsatisfiedDependencyException: Error creating bean with name 'customerController' defined in file [C:\Users\somo\IdeaProjects\fitness-store-final\backend\target\classes\com\moujib\backend\controller\customer\CustomerController.class]: Unsatisfied dependency expressed through constructor parameter 0; nested exception is org.springframework.beans.factory.UnsatisfiedDependencyException: Error creating bean with name 'customerServiceImpl' defined in file [C:\Users\somo\IdeaProjects\fitness-store-final\backend\target\classes\com\moujib\backend\service\customer\CustomerServiceImpl.class]: Unsatisfied dependency expressed through constructor parameter 0; nested exception is org.springframework.beans.factory.NoSuchBeanDefinitionException: No qualifying bean of type 'com.moujib.backend.repository.customer.CustomerRepository' available: expected at least 1 bean which qualifies as autowire candidate. Dependency annotations: {}
Caused by: org.springframework.beans.factory.UnsatisfiedDependencyException: Error creating bean with name 'customerServiceImpl' defined in file [C:\Users\somo\IdeaProjects\fitness-store-final\backend\target\classes\com\moujib\backend\service\customer\CustomerServiceImpl.class]: Unsatisfied dependency expressed through constructor parameter 0; nested exception is org.springframework.beans.factory.NoSuchBeanDefinitionException: No qualifying bean of type 'com.moujib.backend.repository.customer.CustomerRepository' available: expected at least 1 bean which qualifies as autowire candidate. Dependency annotations: {}
Caused by: org.springframework.beans.factory.NoSuchBeanDefinitionException: No qualifying bean of type 'com.moujib.backend.repository.customer.CustomerRepository' available: expected at least 1 bean which qualifies as autowire candidate. Dependency annotations: {}

